

TimeCreated      : 30.09.2026 23:48:20
Id               : 613
LevelDisplayName : Сведения
ProviderName     : Microsoft-Windows-AppXDeployment-Server
Message          : Сводка по эффективности операции развертывания "Register" для пакета MicrosoftCorporationII.WindowsS
                   ubsystemForAndroid_2407.40000.4.0_x64__8wekyb3d8bbwe: 
                   Overall time: 4391 ms
                   Gap: 63 ms
                   Enqueue cost: 93 ms
                   Dequeue delay: 0 ms
                   Bundle processing cost: 0 ms
                   Indexing cost: 532 ms
                   Resolve dependency cost: 140 ms
                   Check approval cost: 0 ms
                   Evaluation cost: 0 ms
                   Hardlinking evaluation cost: 0 ms
                   Gap: 16 ms
                   Stage required cost: 78 ms
                   Flushing and closing files cost: 0 ms
                   Gap: 78 ms
                   Machine register cost: 156 ms
                   Stage user data cost: 0 ms
                   Gap: 157 ms
                   Registration cost: 375 ms
                   Gap: 31 ms
                   Repository commit transaction cost: 2578 ms
                   Gap: 63 ms
                   Data flush cost: 0 ms
                   Post DeStage repository commit transaction cost: 0 ms
                   Remaining cost: 31 ms
                   

TimeCreated      : 30.09.2026 23:48:20
Id               : 649
LevelDisplayName : Сведения
ProviderName     : Microsoft-Windows-AppXDeployment-Server
Message          : Операция развертывания "Register" для пакета MicrosoftCorporationII.WindowsSubsystemForAndroid_2407.
                   40000.4.0_x64__8wekyb3d8bbwe: PostDeploymentOperationCheck cost: 0 ms

TimeCreated      : 30.09.2026 23:48:20
Id               : 400
LevelDisplayName : Сведения
ProviderName     : Microsoft-Windows-AppXDeployment-Server
Message          : Операция развертывания Register с конечным томом C: для пакета MicrosoftCorporationII.WindowsSubsyst
                   emForAndroid_2407.40000.4.0_x64__8wekyb3d8bbwe из  (AppxManifest.xml)  завершена успешно.

TimeCreated      : 30.09.2026 23:48:20
Id               : 10007
LevelDisplayName : Подробно
ProviderName     : Microsoft-Windows-AppXDeployment-Server
Message          : Обслуживание одноэлементного пакета MicrosoftCorporationII.WindowsSubsystemForAndroid_2407.40000.4.0
                   _x64__8wekyb3d8bbwe завершено. При изменении состояния одноэлементного пакета на "включен" было возв
                   ращено 0x0.

TimeCreated      : 30.09.2026 23:48:20
Id               : 10001
LevelDisplayName : Подробно
ProviderName     : Microsoft-Windows-AppXDeployment-Server
Message          : Обслуживание пакета MicrosoftCorporationII.WindowsSubsystemForAndroid_2407.40000.4.0_x64__8wekyb3d8b
                   bwe завершено. При изменении состояния пакета на "включен" было возвращено 0x0.

TimeCreated      : 30.09.2026 23:48:20
Id               : 10001
LevelDisplayName : Подробно
ProviderName     : Microsoft-Windows-AppXDeployment-Server
Message          : Обслуживание пакета MicrosoftCorporationII.WindowsSubsystemForAndroid_2407.40000.4.0_x64__8wekyb3d8b
                   bwe завершено. При изменении состояния пакета на "включен" было возвращено 0x0.

TimeCreated      : 30.09.2026 23:48:20
Id               : 10007
LevelDisplayName : Подробно
ProviderName     : Microsoft-Windows-AppXDeployment-Server
Message          : Обслуживание одноэлементного пакета MicrosoftCorporationII.WindowsSubsystemForAndroid_2407.40000.4.0
                   _x64__8wekyb3d8bbwe завершено. При изменении состояния одноэлементного пакета на "включен" было возв
                   ращено 0x0.

TimeCreated      : 30.09.2026 23:48:20
Id               : 10001
LevelDisplayName : Подробно
ProviderName     : Microsoft-Windows-AppXDeployment-Server
Message          : Обслуживание пакета MicrosoftCorporationII.WindowsSubsystemForAndroid_2407.40000.4.0_x64__8wekyb3d8b
                   bwe завершено. При изменении состояния пакета на "включен" было возвращено 0x0.

TimeCreated      : 30.09.2026 23:48:20
Id               : 10001
LevelDisplayName : Подробно
ProviderName     : Microsoft-Windows-AppXDeployment-Server
Message          : Обслуживание пакета MicrosoftCorporationII.WindowsSubsystemForAndroid_2407.40000.4.0_x64__8wekyb3d8b
                   bwe завершено. При изменении состояния пакета на "включен" было возвращено 0x0.

TimeCreated      : 30.09.2026 23:48:17
Id               : 5507
LevelDisplayName : Подробно
ProviderName     : Microsoft-Windows-AppXDeployment-Server
Message          : MicrosoftCorporationII.WindowsSubsystemForAndroid_2407.40000.4.0_x64__8wekyb3d8bbwe : C:\warbot_wsa\
                   WSA_LTS8_Windows10_GApps\WSA_2407.40000.4.0_x64\microsoft.system.package.metadata\Resources.????????
                   .pri : No shared merged files found

TimeCreated      : 30.09.2026 23:48:17
Id               : 5507
LevelDisplayName : Подробно
ProviderName     : Microsoft-Windows-AppXDeployment-Server
Message          : MicrosoftCorporationII.WindowsSubsystemForAndroid_2407.40000.4.0_x64__8wekyb3d8bbwe : C:\warbot_wsa\
                   WSA_LTS8_Windows10_GApps\WSA_2407.40000.4.0_x64\microsoft.system.package.metadata\S-1-5-21-164129469
                   6-4270169483-3689275233-1007-MergedResources-*.pri : No user-specific merged files found

TimeCreated      : 30.09.2026 23:48:17
Id               : 5507
LevelDisplayName : Подробно
ProviderName     : Microsoft-Windows-AppXDeployment-Server
Message          : MicrosoftCorporationII.WindowsSubsystemForAndroid_2407.40000.4.0_x64__8wekyb3d8bbwe : C:\warbot_wsa\
                   WSA_LTS8_Windows10_GApps\WSA_2407.40000.4.0_x64\microsoft.system.package.metadata\Resources.????????
                   .pri : No shared merged files found

TimeCreated      : 30.09.2026 23:48:17
Id               : 5507
LevelDisplayName : Подробно
ProviderName     : Microsoft-Windows-AppXDeployment-Server
Message          : MicrosoftCorporationII.WindowsSubsystemForAndroid_2407.40000.4.0_x64__8wekyb3d8bbwe : C:\warbot_wsa\
                   WSA_LTS8_Windows10_GApps\WSA_2407.40000.4.0_x64\microsoft.system.package.metadata\S-1-5-21-164129469
                   6-4270169483-3689275233-1007-MergedResources-*.pri : No user-specific merged files found

TimeCreated      : 30.09.2026 23:48:17
Id               : 9625
LevelDisplayName : Подробно
ProviderName     : Microsoft-Windows-AppXDeployment-Server
Message          : 0x0: PackagedServiceDEH успешно проанализировал манифесты

TimeCreated      : 30.09.2026 23:48:17
Id               : 9623
LevelDisplayName : Подробно
ProviderName     : Microsoft-Windows-AppXDeployment-Server
Message          : 0x0: PackagedServiceDEH успешно проанализировал манифесты

TimeCreated      : 30.09.2026 23:48:17
Id               : 9622
LevelDisplayName : Подробно
ProviderName     : Microsoft-Windows-AppXDeployment-Server
Message          : 0x0: PackagedServiceDEH успешно проанализировал манифесты

TimeCreated      : 30.09.2026 23:48:17
Id               : 9626
LevelDisplayName : Подробно
ProviderName     : Microsoft-Windows-AppXDeployment-Server
Message          : AppxManifest.xml(50,12): PackagedServiceDEH успешно проанализировал манифест для установки пакета Mi
                   crosoftCorporationII.WindowsSubsystemForAndroid_2407.40000.4.0_x64__8wekyb3d8bbwe

TimeCreated      : 30.09.2026 23:48:17
Id               : 9643
LevelDisplayName : Подробно
ProviderName     : Microsoft-Windows-AppXDeployment-Server
Message          : 0x0: успешное выполнение TerminateApplications.

TimeCreated      : 30.09.2026 23:48:17
Id               : 9643
LevelDisplayName : Подробно
ProviderName     : Microsoft-Windows-AppXDeployment-Server
Message          : 0x0: успешное выполнение TerminateApplications.

TimeCreated      : 30.09.2026 23:48:17
Id               : 10000
LevelDisplayName : Подробно
ProviderName     : Microsoft-Windows-AppXDeployment-Server
Message          : Будет выполнено обслуживание пакета MicrosoftCorporationII.WindowsSubsystemForAndroid_2407.40000.4.0
                   _x64__8wekyb3d8bbwe. При изменении состояния пакета на "отключен" было возвращено 0x0.

TimeCreated      : 30.09.2026 23:48:17
Id               : 10000
LevelDisplayName : Подробно
ProviderName     : Microsoft-Windows-AppXDeployment-Server
Message          : Будет выполнено обслуживание пакета MicrosoftCorporationII.WindowsSubsystemForAndroid_2407.40000.4.0
                   _x64__8wekyb3d8bbwe. При изменении состояния пакета на "отключен" было возвращено 0x0.

TimeCreated      : 30.09.2026 23:48:17
Id               : 9643
LevelDisplayName : Подробно
ProviderName     : Microsoft-Windows-AppXDeployment-Server
Message          : 0x0: успешное выполнение TerminateApplications.

TimeCreated      : 30.09.2026 23:48:17
Id               : 9643
LevelDisplayName : Подробно
ProviderName     : Microsoft-Windows-AppXDeployment-Server
Message          : 0x0: успешное выполнение TerminateApplications.

TimeCreated      : 30.09.2026 23:48:17
Id               : 573
LevelDisplayName : Сведения
ProviderName     : Microsoft-Windows-AppXDeployment-Server
Message          : Настройка состояния "Синхронизация включена", имя семейства пакетов MicrosoftCorporationII.WindowsSu
                   bsystemForAndroid_8wekyb3d8bbwe, включено false.

TimeCreated      : 30.09.2026 23:48:16
Id               : 8761
LevelDisplayName : Ошибка
ProviderName     : Microsoft-Windows-AppXDeployment-Server
Message          : Отсутствует каталог AppExecutionAlias; код ошибки 0x8007010B.

TimeCreated      : 30.09.2026 23:48:16
Id               : 855
LevelDisplayName : Сведения
ProviderName     : Microsoft-Windows-AppXDeployment-Server
Message          : Завершено разрешение списков действий. Списки действий DeploymentRequest:  addPackageList: Microsoft
                   CorporationII.WindowsSubsystemForAndroid_2407.40000.4.0_x64__8wekyb3d8bbwe.

TimeCreated      : 30.09.2026 23:48:16
Id               : 854
LevelDisplayName : Сведения
ProviderName     : Microsoft-Windows-AppXDeployment-Server
Message          : Успешно добавлены следующие универсальные коды ресурсов (URI), которые нужно обработать:  C:\warbot_
                   wsa\WSA_LTS8_Windows10_GApps\WSA_2407.40000.4.0_x64\AppxManifest.xml.

TimeCreated      : 30.09.2026 23:48:16
Id               : 607
LevelDisplayName : Сведения
ProviderName     : Microsoft-Windows-AppXDeployment-Server
Message          : Операция развертывания Register в отношении пакета MicrosoftCorporationII.WindowsSubsystemForAndroid
                   _2407.40000.4.0_x64__8wekyb3d8bbwe выведена из очереди и выполняется для SID пользователя S-1-5-21-1
                   641294696-4270169483-3689275233-1007.

TimeCreated      : 30.09.2026 23:48:16
Id               : 10002
LevelDisplayName : Подробно
ProviderName     : Microsoft-Windows-AppXDeployment-Server
Message          : Создание файла устойчивости C:\ProgramData\Microsoft\Windows\AppRepository\6b70ec77-d871-444f-9ee7-0
                   c2123630f9c_S-1-5-21-1641294696-4270169483-3689275233-1007_2.rslc для операции Register с пакетом Mi
                   crosoftCorporationII.WindowsSubsystemForAndroid_2407.40000.4.0_x64__8wekyb3d8bbwe.

TimeCreated      : 30.09.2026 23:48:15
Id               : 603
LevelDisplayName : Сведения
ProviderName     : Microsoft-Windows-AppXDeployment-Server
Message          : Начата операция развертывания "Register" для пакета. Основной параметр: AppxManifest.xml. Необязател
                   ьные параметры: ForceApplicationShutdownOption,DevelopmentModeOption,ForceUpdateFromAnyVersion и 0. 
                   Дополнительные сведения о диагностике проблем с развертыванием приложений см. на странице http://go.
                   microsoft.com/fwlink/?LinkId=235160.

TimeCreated      : 30.09.2026 23:46:44
Id               : 819
LevelDisplayName : Подробно
ProviderName     : Microsoft-Windows-AppXDeployment-Server
Message          : Будут установлены следующие пакеты: . Будут удалены следующие пакеты: 

TimeCreated      : 30.09.2026 23:46:44
Id               : 818
LevelDisplayName : Подробно
ProviderName     : Microsoft-Windows-AppXDeployment-Server
Message          : Определение пакетов, которые будут установлены при входе для пользователя: S-1-5-21-1641294696-42701
                   69483-3689275233-1007.

TimeCreated      : 30.09.2026 23:46:40
Id               : 649
LevelDisplayName : Сведения
ProviderName     : Microsoft-Windows-AppXDeployment-Server
Message          : Операция развертывания "Remove" для пакета MicrosoftCorporationII.WindowsSubsystemForAndroid_2407.40
                   000.4.0_x64__8wekyb3d8bbwe: PostDeploymentOperationCheck cost: 0 ms

TimeCreated      : 30.09.2026 23:46:40
Id               : 400
LevelDisplayName : Сведения
ProviderName     : Microsoft-Windows-AppXDeployment-Server
Message          : Операция развертывания Remove с конечным томом C: для пакета MicrosoftCorporationII.WindowsSubsystem
                   ForAndroid_2407.40000.4.0_x64__8wekyb3d8bbwe из  (WSA_2407.40000.4.0_x64)  завершена успешно.

TimeCreated      : 30.09.2026 23:46:40
Id               : 10001
LevelDisplayName : Подробно
ProviderName     : Microsoft-Windows-AppXDeployment-Server
Message          : Обслуживание пакета MicrosoftCorporationII.WindowsSubsystemForAndroid_2407.40000.4.0_x64__8wekyb3d8b
                   bwe завершено. При изменении состояния пакета на "включен" было возвращено 0x80070490.

TimeCreated      : 30.09.2026 23:46:39
Id               : 8761
LevelDisplayName : Ошибка
ProviderName     : Microsoft-Windows-AppXDeployment-Server
Message          : Отсутствует каталог AppExecutionAlias; код ошибки 0x8007010B.

TimeCreated      : 30.09.2026 23:46:39
Id               : 9625
LevelDisplayName : Подробно
ProviderName     : Microsoft-Windows-AppXDeployment-Server
Message          : 0x0: PackagedServiceDEH успешно проанализировал манифесты

TimeCreated      : 30.09.2026 23:46:39
Id               : 9623
LevelDisplayName : Подробно
ProviderName     : Microsoft-Windows-AppXDeployment-Server
Message          : 0x0: PackagedServiceDEH успешно проанализировал манифесты

TimeCreated      : 30.09.2026 23:46:39
Id               : 9622
LevelDisplayName : Подробно
ProviderName     : Microsoft-Windows-AppXDeployment-Server
Message          : 0x0: PackagedServiceDEH успешно проанализировал манифесты

TimeCreated      : 30.09.2026 23:46:39
Id               : 9627
LevelDisplayName : Подробно
ProviderName     : Microsoft-Windows-AppXDeployment-Server
Message          : AppxManifest.xml(50,12): PackagedServiceDEH успешно проанализировал манифест для удаления пакета Mic
                   rosoftCorporationII.WindowsSubsystemForAndroid_2407.40000.4.0_x64__8wekyb3d8bbwe

TimeCreated      : 30.09.2026 23:46:39
Id               : 9644
LevelDisplayName : Подробно
ProviderName     : Microsoft-Windows-AppXDeployment-Server
Message          : 0x0: успешное выполнение AllowUninstall для пакета MicrosoftCorporationII.WindowsSubsystemForAndroid
                   _2407.40000.4.0_x64__8wekyb3d8bbwe.

TimeCreated      : 30.09.2026 23:46:39
Id               : 9650
LevelDisplayName : Подробно
ProviderName     : Microsoft-Windows-AppXDeployment-Server
Message          : 0x0: работа службы MicrosoftCorporationII.WindowsSubsystemForAndroid_2407.40000.4.0_x64__8wekyb3d8bb
                   we в пакете WsaService успешно завершена.

TimeCreated      : 30.09.2026 23:46:39
Id               : 9647
LevelDisplayName : Подробно
ProviderName     : Microsoft-Windows-AppXDeployment-Server
Message          : 0x0: успешное выполнение TerminateSingleService для удаления для службы MicrosoftCorporationII.Windo
                   wsSubsystemForAndroid_2407.40000.4.0_x64__8wekyb3d8bbwe в пакете WsaService, terminateService: true.

TimeCreated      : 30.09.2026 23:46:15
Id               : 10000
LevelDisplayName : Подробно
ProviderName     : Microsoft-Windows-AppXDeployment-Server
Message          : Будет выполнено обслуживание пакета MicrosoftCorporationII.WindowsSubsystemForAndroid_2407.40000.4.0
                   _x64__8wekyb3d8bbwe. При изменении состояния пакета на "отключен" было возвращено 0x0.

TimeCreated      : 30.09.2026 23:46:15
Id               : 855
LevelDisplayName : Сведения
ProviderName     : Microsoft-Windows-AppXDeployment-Server
Message          : Завершено разрешение списков действий. Списки действий DeploymentRequest:  removePackageList: Micros
                   oftCorporationII.WindowsSubsystemForAndroid_2407.40000.4.0_x64__8wekyb3d8bbwe.

TimeCreated      : 30.09.2026 23:46:15
Id               : 607
LevelDisplayName : Сведения
ProviderName     : Microsoft-Windows-AppXDeployment-Server
Message          : Операция развертывания Remove в отношении пакета MicrosoftCorporationII.WindowsSubsystemForAndroid_2
                   407.40000.4.0_x64__8wekyb3d8bbwe выведена из очереди и выполняется для SID пользователя S-1-5-21-164
                   1294696-4270169483-3689275233-1007.

TimeCreated      : 30.09.2026 23:46:15
Id               : 10002
LevelDisplayName : Подробно
ProviderName     : Microsoft-Windows-AppXDeployment-Server
Message          : Создание файла устойчивости C:\ProgramData\Microsoft\Windows\AppRepository\6b70ec77-d871-444f-9ee7-0
                   c2123630f9c_S-1-5-21-1641294696-4270169483-3689275233-1007_1.rslc для операции Remove с пакетом Micr
                   osoftCorporationII.WindowsSubsystemForAndroid_2407.40000.4.0_x64__8wekyb3d8bbwe.

TimeCreated      : 30.09.2026 23:46:14
Id               : 603
LevelDisplayName : Сведения
ProviderName     : Microsoft-Windows-AppXDeployment-Server
Message          : Начата операция развертывания "Remove" для пакета. Основной параметр: MicrosoftCorporationII.Windows
                   SubsystemForAndroid_2407.40000.4.0_x64__8wekyb3d8bbwe. Необязательные параметры: 0 и 0. Дополнительн
                   ые сведения о диагностике проблем с развертыванием приложений см. на странице http://go.microsoft.co
                   m/fwlink/?LinkId=235160.




