

TimeCreated      : 30.09.2026 19:06:01
Id               : 613
LevelDisplayName : Сведения
ProviderName     : Microsoft-Windows-AppXDeployment-Server
Message          : Сводка по эффективности операции развертывания "Stage" для пакета OpenAI.Codex_26.928.2636.0_x64__2p
                   2nqsd0c76g0: 
                   Overall time: 39656 ms
                   Enqueue cost: 5141 ms
                   Dequeue delay: 0 ms
                   Bundle processing cost: 0 ms
                   Indexing cost: 562 ms
                   Resolve dependency cost: 0 ms
                   Check approval cost: 16 ms
                   Evaluation cost: 17984 ms
                   Hardlinking evaluation cost: 672 ms
                   Stage required cost: 15157 ms
                   Flushing and closing files cost: 31 ms
                   Gap: 15 ms
                   Machine register cost: 110 ms
                   Stage user data cost: 0 ms
                   Registration cost: 0 ms
                   Repository commit transaction cost: 625 ms
                   Gap: 31 ms
                   Data flush cost: 0 ms
                   Post DeStage repository commit transaction cost: 0 ms
                   Remaining cost: 15 ms
                   

TimeCreated      : 30.09.2026 19:06:01
Id               : 649
LevelDisplayName : Сведения
ProviderName     : Microsoft-Windows-AppXDeployment-Server
Message          : Операция развертывания "Stage" для пакета OpenAI.Codex_26.928.2636.0_x64__2p2nqsd0c76g0: PostDeploym
                   entOperationCheck cost: 0 ms

TimeCreated      : 30.09.2026 19:06:01
Id               : 400
LevelDisplayName : Сведения
ProviderName     : Microsoft-Windows-AppXDeployment-Server
Message          : Операция развертывания Stage с конечным томом C: для пакета OpenAI.Codex_26.928.2636.0_x64__2p2nqsd0
                   c76g0 из  (702638154845223d8ec4fdb7fdcd1b4453cec000)  завершена успешно.

TimeCreated      : 30.09.2026 19:06:00
Id               : 8761
LevelDisplayName : Ошибка
ProviderName     : Microsoft-Windows-AppXDeployment-Server
Message          : Отсутствует каталог AppExecutionAlias; код ошибки 0x8007010B.

TimeCreated      : 30.09.2026 19:06:00
Id               : 8761
LevelDisplayName : Ошибка
ProviderName     : Microsoft-Windows-AppXDeployment-Server
Message          : Отсутствует каталог AppExecutionAlias; код ошибки 0x8007010B.

TimeCreated      : 30.09.2026 19:05:45
Id               : 1230
LevelDisplayName : Предупреждение
ProviderName     : Microsoft-Windows-AppXDeployment-Server
Message          : У этих жестких ссылок не было пакетов в репозитории: \Program Files\WindowsApps\OpenAI.Codex_26.915.
                   3509.0_x64__2p2nqsd0c76g0\app\locales\af_FEMININE.pak;\Program Files\WindowsApps\OpenAI.Codex_26.915
                   .3509.0_x64__2p2nqsd0c76g0\app\locales\af_MASCULINE.pak;\Program Files\WindowsApps\OpenAI.Codex_26.9
                   15.3509.0_x64__2p2nqsd0c76g0\app\locales\af_NEUTER.pak;\Program Files\WindowsApps\OpenAI.Codex_26.91
                   5.3509.0_x64__2p2nqsd0c76g0\app\locales\am_FEMININE.pak;\Program Files\WindowsApps\OpenAI.Codex_26.9
                   15.3509.0_x64__2p2nqsd0c76g0\app\locales\am_MASCULINE.pak;\Program Files\WindowsApps\OpenAI.Codex_26
                   .915.3509.0_x64__2p2nqsd0c76g0\app\locales\am_NEUTER.pak;\Program Files\WindowsApps\OpenAI.Codex_26.
                   915.3509.0_x64__2p2nqsd0c76g0\app\locales\ar_FEMININE.pak;\Program Files\WindowsApps\OpenAI.Codex_26
                   .915.3509.0_x64__2p2nqsd0c76g0\app\locales\ar_MASCULINE.pak;\Program Files\WindowsApps\OpenAI.Codex_
                   26.915.3509.0_x64__2p2nqsd0c76g0\app\locales\ar_NEUTER.pak;\Program Files\WindowsApps\OpenAI.Codex_2
                   6.915.3509.0_x64__2p2nqsd0c76g0\app\locales\bg_FEMININE.pak;\Program Files\WindowsApps\OpenAI.Codex_
                   26.915.3509.0_x64__2p2nqsd0c76g0\app\locales\bg_MASCULINE.pak;\Program Files\WindowsApps\OpenAI.Code
                   x_26.915.3509.0_x64__2p2nqsd0c76g0\app\locales\bg_NEUTER.pak;\Program Files\WindowsApps\OpenAI.Codex
                   _26.915.3509.0_x64__2p2nqsd0c76g0\app\locales\bn_FEMININE.pak;\Program Files\WindowsApps\OpenAI.Code
                   x_26.915.3509.0_x64__2p2nqsd0c76g0\app\locales\bn_MASCULINE.pak;\Program Files\WindowsApps\OpenAI.Co
                   dex_26.915.3509.0_x64__2p2nqsd0c76g0\app\locales\bn_NEUTER.pak;\Program Files\WindowsApps\OpenAI.Cod
                   ex_26.915.3509.0_x64__2p2nqsd0c76g0\app\locales\ca_FEMININE.pak;\Program Files\WindowsApps\OpenAI.Co
                   dex_26.915.3509.0_x64__2p2nqsd0c76g0\app\locales\ca_MASCULINE.pak;\Program Files\WindowsApps\OpenAI.
                   Codex_26.915.3509.0_x64__2p2nqsd0c76g0\app\locales\ca_NEUTER.pak;\Program Files\WindowsApps\OpenAI.C
                   odex_26.915.3509.0_x64__2p2nqsd0c76g0\app\locales\cs_FEMININE.pak;\Program Files\WindowsApps\OpenAI.
                   Codex_26.915.3509.0_x64__2p2nqsd0c76g0\app\locales\cs_MASCULINE.pak;\Program Files\WindowsApps\OpenA
                   I.Codex_26.915.3509.0_x64__2p2nqsd0c76g0\app\locales\cs_NEUTER.pak;.

TimeCreated      : 30.09.2026 19:05:26
Id               : 854
LevelDisplayName : Сведения
ProviderName     : Microsoft-Windows-AppXDeployment-Server
Message          : Успешно добавлены следующие универсальные коды ресурсов (URI), которые нужно обработать:  x-windowsu
                   pdate://F55C481A-470F-4A8B-800E-AD288BA03027/FDF7DBA1-A7BC-4592-AD8E-04AA3B974675/702638154845223d8e
                   c4fdb7fdcd1b4453cec000.

TimeCreated      : 30.09.2026 19:05:26
Id               : 607
LevelDisplayName : Сведения
ProviderName     : Microsoft-Windows-AppXDeployment-Server
Message          : Операция развертывания Stage в отношении пакета OpenAI.Codex_26.928.2636.0_x64__2p2nqsd0c76g0 выведе
                   на из очереди и выполняется для SID пользователя S-1-5-18.

TimeCreated      : 30.09.2026 19:05:26
Id               : 10002
LevelDisplayName : Подробно
ProviderName     : Microsoft-Windows-AppXDeployment-Server
Message          : Создание файла устойчивости C:\ProgramData\Microsoft\Windows\AppRepository\cd82961c-3481-492f-b0d5-d
                   4e51fc81a88_S-1-5-18_2.rslc для операции Stage с пакетом OpenAI.Codex_26.928.2636.0_x64__2p2nqsd0c76
                   g0.

TimeCreated      : 30.09.2026 19:05:21
Id               : 603
LevelDisplayName : Сведения
ProviderName     : Microsoft-Windows-AppXDeployment-Server
Message          : Начата операция развертывания "Stage" для пакета. Основной параметр: 702638154845223d8ec4fdb7fdcd1b4
                   453cec000. Необязательные параметры: 0 и StageAdditionalRelatedSetUpdateRequiredPackages. Дополнител
                   ьные сведения о диагностике проблем с развертыванием приложений см. на странице http://go.microsoft.
                   com/fwlink/?LinkId=235160.

TimeCreated      : 30.09.2026 19:04:35
Id               : 613
LevelDisplayName : Сведения
ProviderName     : Microsoft-Windows-AppXDeployment-Server
Message          : Сводка по эффективности операции развертывания "Register" для пакета MicrosoftCorporationII.WindowsS
                   ubsystemForAndroid_2407.40000.4.0_x64__8wekyb3d8bbwe: 
                   Overall time: 1406 ms
                   Gap: 78 ms
                   Enqueue cost: 47 ms
                   Dequeue delay: 0 ms
                   Bundle processing cost: 0 ms
                   Indexing cost: 265 ms
                   Resolve dependency cost: 47 ms
                   Check approval cost: 0 ms
                   Evaluation cost: 0 ms
                   Hardlinking evaluation cost: 0 ms
                   Gap: 16 ms
                   Stage required cost: 47 ms
                   Flushing and closing files cost: 0 ms
                   Gap: 15 ms
                   Machine register cost: 110 ms
                   Stage user data cost: 15 ms
                   Gap: 47 ms
                   Registration cost: 156 ms
                   Repository commit transaction cost: 391 ms
                   Gap: 156 ms
                   Data flush cost: 0 ms
                   Post DeStage repository commit transaction cost: 0 ms
                   Remaining cost: 16 ms
                   

TimeCreated      : 30.09.2026 19:04:35
Id               : 649
LevelDisplayName : Сведения
ProviderName     : Microsoft-Windows-AppXDeployment-Server
Message          : Операция развертывания "Register" для пакета MicrosoftCorporationII.WindowsSubsystemForAndroid_2407.
                   40000.4.0_x64__8wekyb3d8bbwe: PostDeploymentOperationCheck cost: 0 ms

TimeCreated      : 30.09.2026 19:04:35
Id               : 400
LevelDisplayName : Сведения
ProviderName     : Microsoft-Windows-AppXDeployment-Server
Message          : Операция развертывания Register с конечным томом C: для пакета MicrosoftCorporationII.WindowsSubsyst
                   emForAndroid_2407.40000.4.0_x64__8wekyb3d8bbwe из  (AppxManifest.xml)  завершена успешно.

TimeCreated      : 30.09.2026 19:04:35
Id               : 10007
LevelDisplayName : Подробно
ProviderName     : Microsoft-Windows-AppXDeployment-Server
Message          : Обслуживание одноэлементного пакета MicrosoftCorporationII.WindowsSubsystemForAndroid_2407.40000.4.0
                   _x64__8wekyb3d8bbwe завершено. При изменении состояния одноэлементного пакета на "включен" было возв
                   ращено 0x0.

TimeCreated      : 30.09.2026 19:04:35
Id               : 10001
LevelDisplayName : Подробно
ProviderName     : Microsoft-Windows-AppXDeployment-Server
Message          : Обслуживание пакета MicrosoftCorporationII.WindowsSubsystemForAndroid_2407.40000.4.0_x64__8wekyb3d8b
                   bwe завершено. При изменении состояния пакета на "включен" было возвращено 0x0.

TimeCreated      : 30.09.2026 19:04:35
Id               : 10001
LevelDisplayName : Подробно
ProviderName     : Microsoft-Windows-AppXDeployment-Server
Message          : Обслуживание пакета MicrosoftCorporationII.WindowsSubsystemForAndroid_2407.40000.4.0_x64__8wekyb3d8b
                   bwe завершено. При изменении состояния пакета на "включен" было возвращено 0x0.

TimeCreated      : 30.09.2026 19:04:35
Id               : 10007
LevelDisplayName : Подробно
ProviderName     : Microsoft-Windows-AppXDeployment-Server
Message          : Обслуживание одноэлементного пакета MicrosoftCorporationII.WindowsSubsystemForAndroid_2407.40000.4.0
                   _x64__8wekyb3d8bbwe завершено. При изменении состояния одноэлементного пакета на "включен" было возв
                   ращено 0x0.

TimeCreated      : 30.09.2026 19:04:35
Id               : 10001
LevelDisplayName : Подробно
ProviderName     : Microsoft-Windows-AppXDeployment-Server
Message          : Обслуживание пакета MicrosoftCorporationII.WindowsSubsystemForAndroid_2407.40000.4.0_x64__8wekyb3d8b
                   bwe завершено. При изменении состояния пакета на "включен" было возвращено 0x0.

TimeCreated      : 30.09.2026 19:04:35
Id               : 10001
LevelDisplayName : Подробно
ProviderName     : Microsoft-Windows-AppXDeployment-Server
Message          : Обслуживание пакета MicrosoftCorporationII.WindowsSubsystemForAndroid_2407.40000.4.0_x64__8wekyb3d8b
                   bwe завершено. При изменении состояния пакета на "включен" было возвращено 0x0.

TimeCreated      : 30.09.2026 19:04:35
Id               : 5507
LevelDisplayName : Подробно
ProviderName     : Microsoft-Windows-AppXDeployment-Server
Message          : MicrosoftCorporationII.WindowsSubsystemForAndroid_2407.40000.4.0_x64__8wekyb3d8bbwe : C:\warbot_wsa\
                   WSA_LTS8_Windows10\WSA_2407.40000.4.0_x64\microsoft.system.package.metadata\Resources.????????.pri :
                    No shared merged files found

TimeCreated      : 30.09.2026 19:04:35
Id               : 5507
LevelDisplayName : Подробно
ProviderName     : Microsoft-Windows-AppXDeployment-Server
Message          : MicrosoftCorporationII.WindowsSubsystemForAndroid_2407.40000.4.0_x64__8wekyb3d8bbwe : C:\warbot_wsa\
                   WSA_LTS8_Windows10\WSA_2407.40000.4.0_x64\microsoft.system.package.metadata\S-1-5-21-1641294696-4270
                   169483-3689275233-1007-MergedResources-*.pri : No user-specific merged files found

TimeCreated      : 30.09.2026 19:04:35
Id               : 5507
LevelDisplayName : Подробно
ProviderName     : Microsoft-Windows-AppXDeployment-Server
Message          : MicrosoftCorporationII.WindowsSubsystemForAndroid_2407.40000.4.0_x64__8wekyb3d8bbwe : C:\warbot_wsa\
                   WSA_LTS8_Windows10\WSA_2407.40000.4.0_x64\microsoft.system.package.metadata\Resources.????????.pri :
                    No shared merged files found

TimeCreated      : 30.09.2026 19:04:35
Id               : 5507
LevelDisplayName : Подробно
ProviderName     : Microsoft-Windows-AppXDeployment-Server
Message          : MicrosoftCorporationII.WindowsSubsystemForAndroid_2407.40000.4.0_x64__8wekyb3d8bbwe : C:\warbot_wsa\
                   WSA_LTS8_Windows10\WSA_2407.40000.4.0_x64\microsoft.system.package.metadata\S-1-5-21-1641294696-4270
                   169483-3689275233-1007-MergedResources-*.pri : No user-specific merged files found

TimeCreated      : 30.09.2026 19:04:34
Id               : 9625
LevelDisplayName : Подробно
ProviderName     : Microsoft-Windows-AppXDeployment-Server
Message          : 0x0: PackagedServiceDEH успешно проанализировал манифесты

TimeCreated      : 30.09.2026 19:04:34
Id               : 9623
LevelDisplayName : Подробно
ProviderName     : Microsoft-Windows-AppXDeployment-Server
Message          : 0x0: PackagedServiceDEH успешно проанализировал манифесты

TimeCreated      : 30.09.2026 19:04:34
Id               : 9622
LevelDisplayName : Подробно
ProviderName     : Microsoft-Windows-AppXDeployment-Server
Message          : 0x0: PackagedServiceDEH успешно проанализировал манифесты

TimeCreated      : 30.09.2026 19:04:34
Id               : 9626
LevelDisplayName : Подробно
ProviderName     : Microsoft-Windows-AppXDeployment-Server
Message          : AppxManifest.xml(50,12): PackagedServiceDEH успешно проанализировал манифест для установки пакета Mi
                   crosoftCorporationII.WindowsSubsystemForAndroid_2407.40000.4.0_x64__8wekyb3d8bbwe

TimeCreated      : 30.09.2026 19:04:34
Id               : 9643
LevelDisplayName : Подробно
ProviderName     : Microsoft-Windows-AppXDeployment-Server
Message          : 0x0: успешное выполнение TerminateApplications.

TimeCreated      : 30.09.2026 19:04:34
Id               : 9643
LevelDisplayName : Подробно
ProviderName     : Microsoft-Windows-AppXDeployment-Server
Message          : 0x0: успешное выполнение TerminateApplications.

TimeCreated      : 30.09.2026 19:04:34
Id               : 10000
LevelDisplayName : Подробно
ProviderName     : Microsoft-Windows-AppXDeployment-Server
Message          : Будет выполнено обслуживание пакета MicrosoftCorporationII.WindowsSubsystemForAndroid_2407.40000.4.0
                   _x64__8wekyb3d8bbwe. При изменении состояния пакета на "отключен" было возвращено 0x0.

TimeCreated      : 30.09.2026 19:04:34
Id               : 10000
LevelDisplayName : Подробно
ProviderName     : Microsoft-Windows-AppXDeployment-Server
Message          : Будет выполнено обслуживание пакета MicrosoftCorporationII.WindowsSubsystemForAndroid_2407.40000.4.0
                   _x64__8wekyb3d8bbwe. При изменении состояния пакета на "отключен" было возвращено 0x0.

TimeCreated      : 30.09.2026 19:04:34
Id               : 9643
LevelDisplayName : Подробно
ProviderName     : Microsoft-Windows-AppXDeployment-Server
Message          : 0x0: успешное выполнение TerminateApplications.

TimeCreated      : 30.09.2026 19:04:34
Id               : 9643
LevelDisplayName : Подробно
ProviderName     : Microsoft-Windows-AppXDeployment-Server
Message          : 0x0: успешное выполнение TerminateApplications.

TimeCreated      : 30.09.2026 19:04:34
Id               : 573
LevelDisplayName : Сведения
ProviderName     : Microsoft-Windows-AppXDeployment-Server
Message          : Настройка состояния "Синхронизация включена", имя семейства пакетов MicrosoftCorporationII.WindowsSu
                   bsystemForAndroid_8wekyb3d8bbwe, включено false.

TimeCreated      : 30.09.2026 19:04:34
Id               : 8761
LevelDisplayName : Ошибка
ProviderName     : Microsoft-Windows-AppXDeployment-Server
Message          : Отсутствует каталог AppExecutionAlias; код ошибки 0x8007010B.

TimeCreated      : 30.09.2026 19:04:34
Id               : 855
LevelDisplayName : Сведения
ProviderName     : Microsoft-Windows-AppXDeployment-Server
Message          : Завершено разрешение списков действий. Списки действий DeploymentRequest:  addPackageList: Microsoft
                   CorporationII.WindowsSubsystemForAndroid_2407.40000.4.0_x64__8wekyb3d8bbwe.

TimeCreated      : 30.09.2026 19:04:34
Id               : 854
LevelDisplayName : Сведения
ProviderName     : Microsoft-Windows-AppXDeployment-Server
Message          : Успешно добавлены следующие универсальные коды ресурсов (URI), которые нужно обработать:  C:\warbot_
                   wsa\WSA_LTS8_Windows10\WSA_2407.40000.4.0_x64\AppxManifest.xml.

TimeCreated      : 30.09.2026 19:04:34
Id               : 607
LevelDisplayName : Сведения
ProviderName     : Microsoft-Windows-AppXDeployment-Server
Message          : Операция развертывания Register в отношении пакета MicrosoftCorporationII.WindowsSubsystemForAndroid
                   _2407.40000.4.0_x64__8wekyb3d8bbwe выведена из очереди и выполняется для SID пользователя S-1-5-21-1
                   641294696-4270169483-3689275233-1007.

TimeCreated      : 30.09.2026 19:04:34
Id               : 10002
LevelDisplayName : Подробно
ProviderName     : Microsoft-Windows-AppXDeployment-Server
Message          : Создание файла устойчивости C:\ProgramData\Microsoft\Windows\AppRepository\cd82961c-3481-492f-b0d5-d
                   4e51fc81a88_S-1-5-21-1641294696-4270169483-3689275233-1007_1.rslc для операции Register с пакетом Mi
                   crosoftCorporationII.WindowsSubsystemForAndroid_2407.40000.4.0_x64__8wekyb3d8bbwe.

TimeCreated      : 30.09.2026 19:04:34
Id               : 603
LevelDisplayName : Сведения
ProviderName     : Microsoft-Windows-AppXDeployment-Server
Message          : Начата операция развертывания "Register" для пакета. Основной параметр: AppxManifest.xml. Необязател
                   ьные параметры: ForceApplicationShutdownOption,DevelopmentModeOption,ForceUpdateFromAnyVersion и 0. 
                   Дополнительные сведения о диагностике проблем с развертыванием приложений см. на странице http://go.
                   microsoft.com/fwlink/?LinkId=235160.




